<?xml version="1.0" encoding="UTF-8"?>
<testsuite name="com.greenlearner.springbootbanner.SpringbootbannerApplicationTests" tests="1" skipped="0" failures="0" errors="0" timestamp="2023-07-21T14:00:07" hostname="DESKTOP-TDF8R4M" time="0.386">
  <properties/>
  <testcase name="contextLoads()" classname="com.greenlearner.springbootbanner.SpringbootbannerApplicationTests" time="0.386"/>
  <system-out><![CDATA[19:30:02.646 [Test worker] DEBUG org.springframework.test.context.BootstrapUtils - Instantiating CacheAwareContextLoaderDelegate from class [org.springframework.test.context.cache.DefaultCacheAwareContextLoaderDelegate]
19:30:02.684 [Test worker] DEBUG org.springframework.test.context.BootstrapUtils - Instantiating BootstrapContext using constructor [public org.springframework.test.context.support.DefaultBootstrapContext(java.lang.Class,org.springframework.test.context.CacheAwareContextLoaderDelegate)]
19:30:02.751 [Test worker] DEBUG org.springframework.test.context.BootstrapUtils - Instantiating TestContextBootstrapper for test class [com.greenlearner.springbootbanner.SpringbootbannerApplicationTests] from class [org.springframework.boot.test.context.SpringBootTestContextBootstrapper]
19:30:02.813 [Test worker] INFO org.springframework.boot.test.context.SpringBootTestContextBootstrapper - Neither @ContextConfiguration nor @ContextHierarchy found for test class [com.greenlearner.springbootbanner.SpringbootbannerApplicationTests], using SpringBootContextLoader
19:30:02.827 [Test worker] DEBUG org.springframework.test.context.support.AbstractContextLoader - Did not detect default resource location for test class [com.greenlearner.springbootbanner.SpringbootbannerApplicationTests]: class path resource [com/greenlearner/springbootbanner/SpringbootbannerApplicationTests-context.xml] does not exist
19:30:02.830 [Test worker] DEBUG org.springframework.test.context.support.AbstractContextLoader - Did not detect default resource location for test class [com.greenlearner.springbootbanner.SpringbootbannerApplicationTests]: class path resource [com/greenlearner/springbootbanner/SpringbootbannerApplicationTestsContext.groovy] does not exist
19:30:02.831 [Test worker] INFO org.springframework.test.context.support.AbstractContextLoader - Could not detect default resource locations for test class [com.greenlearner.springbootbanner.SpringbootbannerApplicationTests]: no resource found for suffixes {-context.xml, Context.groovy}.
19:30:02.834 [Test worker] INFO org.springframework.test.context.support.AnnotationConfigContextLoaderUtils - Could not detect default configuration classes for test class [com.greenlearner.springbootbanner.SpringbootbannerApplicationTests]: SpringbootbannerApplicationTests does not declare any static, non-private, non-final, nested classes annotated with @Configuration.
19:30:02.916 [Test worker] DEBUG org.springframework.test.context.support.ActiveProfilesUtils - Could not find an 'annotation declaring class' for annotation type [org.springframework.test.context.ActiveProfiles] and class [com.greenlearner.springbootbanner.SpringbootbannerApplicationTests]
19:30:03.054 [Test worker] DEBUG org.springframework.context.annotation.ClassPathScanningCandidateComponentProvider - Identified candidate component class: file [F:\Spring-Boot-Inside_GreeLearner\springbootbanner\build\classes\java\main\com\greenlearner\springbootbanner\SpringbootbannerApplication.class]
19:30:03.057 [Test worker] INFO org.springframework.boot.test.context.SpringBootTestContextBootstrapper - Found @SpringBootConfiguration com.greenlearner.springbootbanner.SpringbootbannerApplication for test class com.greenlearner.springbootbanner.SpringbootbannerApplicationTests
19:30:03.320 [Test worker] DEBUG org.springframework.boot.test.context.SpringBootTestContextBootstrapper - @TestExecutionListeners is not present for class [com.greenlearner.springbootbanner.SpringbootbannerApplicationTests]: using defaults.
19:30:03.321 [Test worker] INFO org.springframework.boot.test.context.SpringBootTestContextBootstrapper - Loaded default TestExecutionListener class names from location [META-INF/spring.factories]: [org.springframework.boot.test.autoconfigure.restdocs.RestDocsTestExecutionListener, org.springframework.boot.test.autoconfigure.web.client.MockRestServiceServerResetTestExecutionListener, org.springframework.boot.test.autoconfigure.web.servlet.MockMvcPrintOnlyOnFailureTestExecutionListener, org.springframework.boot.test.autoconfigure.web.servlet.WebDriverTestExecutionListener, org.springframework.boot.test.mock.mockito.MockitoTestExecutionListener, org.springframework.boot.test.mock.mockito.ResetMocksTestExecutionListener, org.springframework.test.context.web.ServletTestExecutionListener, org.springframework.test.context.support.DirtiesContextBeforeModesTestExecutionListener, org.springframework.test.context.support.DependencyInjectionTestExecutionListener, org.springframework.test.context.support.DirtiesContextTestExecutionListener, org.springframework.test.context.transaction.TransactionalTestExecutionListener, org.springframework.test.context.jdbc.SqlScriptsTestExecutionListener, org.springframework.test.context.event.EventPublishingTestExecutionListener]
19:30:03.340 [Test worker] DEBUG org.springframework.boot.test.context.SpringBootTestContextBootstrapper - Skipping candidate TestExecutionListener [org.springframework.test.context.transaction.TransactionalTestExecutionListener] due to a missing dependency. Specify custom listener classes or make the default listener classes and their required dependencies available. Offending class: [org/springframework/transaction/interceptor/TransactionAttributeSource]
19:30:03.343 [Test worker] DEBUG org.springframework.boot.test.context.SpringBootTestContextBootstrapper - Skipping candidate TestExecutionListener [org.springframework.test.context.jdbc.SqlScriptsTestExecutionListener] due to a missing dependency. Specify custom listener classes or make the default listener classes and their required dependencies available. Offending class: [org/springframework/transaction/interceptor/TransactionAttribute]
19:30:03.344 [Test worker] INFO org.springframework.boot.test.context.SpringBootTestContextBootstrapper - Using TestExecutionListeners: [org.springframework.test.context.web.ServletTestExecutionListener@193a88f, org.springframework.test.context.support.DirtiesContextBeforeModesTestExecutionListener@637342, org.springframework.boot.test.mock.mockito.MockitoTestExecutionListener@1c1a21c, org.springframework.boot.test.autoconfigure.SpringBootDependencyInjectionTestExecutionListener@1e419e7, org.springframework.test.context.support.DirtiesContextTestExecutionListener@1971d84, org.springframework.test.context.event.EventPublishingTestExecutionListener@339017, org.springframework.boot.test.autoconfigure.restdocs.RestDocsTestExecutionListener@301f4f, org.springframework.boot.test.autoconfigure.web.client.MockRestServiceServerResetTestExecutionListener@12213cf, org.springframework.boot.test.autoconfigure.web.servlet.MockMvcPrintOnlyOnFailureTestExecutionListener@5c5412, org.springframework.boot.test.autoconfigure.web.servlet.WebDriverTestExecutionListener@93cee6, org.springframework.boot.test.mock.mockito.ResetMocksTestExecutionListener@eb6d9c]
19:30:03.353 [Test worker] DEBUG org.springframework.test.context.support.AbstractDirtiesContextTestExecutionListener - Before test class: context [DefaultTestContext@192bb92 testClass = SpringbootbannerApplicationTests, testInstance = [null], testMethod = [null], testException = [null], mergedContextConfiguration = [WebMergedContextConfiguration@1bfd1af testClass = SpringbootbannerApplicationTests, locations = '{}', classes = '{class com.greenlearner.springbootbanner.SpringbootbannerApplication}', contextInitializerClasses = '[]', activeProfiles = '{}', propertySourceLocations = '{}', propertySourceProperties = '{org.springframework.boot.test.context.SpringBootTestContextBootstrapper=true}', contextCustomizers = set[org.springframework.boot.test.autoconfigure.properties.PropertyMappingContextCustomizer@0, org.springframework.boot.test.autoconfigure.web.servlet.WebDriverContextCustomizerFactory$Customizer@34f32e, org.springframework.boot.test.context.filter.ExcludeFilterContextCustomizer@a5fecc, org.springframework.boot.test.json.DuplicateJsonObjectContextCustomizerFactory$DuplicateJsonObjectContextCustomizer@8183aa, org.springframework.boot.test.mock.mockito.MockitoContextCustomizer@0, org.springframework.boot.test.web.client.TestRestTemplateContextCustomizer@894abe], resourceBasePath = 'src/main/webapp', contextLoader = 'org.springframework.boot.test.context.SpringBootContextLoader', parent = [null]], attributes = map['org.springframework.test.context.web.ServletTestExecutionListener.activateListener' -> true]], class annotated with @DirtiesContext [false] with mode [null].
19:30:03.470 [Test worker] DEBUG org.springframework.test.context.support.TestPropertySourceUtils - Adding inlined properties to environment: {spring.jmx.enabled=false, org.springframework.boot.test.context.SpringBootTestContextBootstrapper=true, server.port=-1}
                             _
                            | |
  __ _ _ __ ___  ___ _ __   | | ___  __ _ _ __ _ __   ___ _ __
 / _` | '__/ _ \/ _ | '_ \  | |/ _ \/ _` | '__| '_ \ / _ | '__|
| (_| | | |  __|  __| | | | | |  __| (_| | |  | | | |  __| |
 \__, |_|  \___|\___|_| |_| |_|\___|\__,_|_|  |_| |_|\___|_|
  __/ |
 |___/

 :: Spring boot version 2.2.5.RELEASE ::
2023-07-21 19:30:04.218  INFO 12060 --- [    Test worker] c.g.s.SpringbootbannerApplicationTests   : Starting SpringbootbannerApplicationTests on DESKTOP-TDF8R4M with PID 12060 (started by DELL in F:\Spring-Boot-Inside_GreeLearner\springbootbanner)
2023-07-21 19:30:04.227  INFO 12060 --- [    Test worker] c.g.s.SpringbootbannerApplicationTests   : No active profile set, falling back to default profiles: default
2023-07-21 19:30:06.739  INFO 12060 --- [    Test worker] o.s.s.concurrent.ThreadPoolTaskExecutor  : Initializing ExecutorService 'applicationTaskExecutor'
2023-07-21 19:30:07.295  INFO 12060 --- [    Test worker] c.g.s.SpringbootbannerApplicationTests   : Started SpringbootbannerApplicationTests in 3.798 seconds (JVM running for 8.566)
]]></system-out>
  <system-err><![CDATA[]]></system-err>
</testsuite>
