<?xml version="1.0" encoding="UTF-8"?>
<testsuite name="com.gl.helloworld.HelloworldApplicationTests" tests="1" skipped="0" failures="0" errors="0" timestamp="2023-07-21T14:01:30" hostname="DESKTOP-TDF8R4M" time="0.34">
  <properties/>
  <testcase name="contextLoads()" classname="com.gl.helloworld.HelloworldApplicationTests" time="0.34"/>
  <system-out><![CDATA[19:31:26.086 [Test worker] DEBUG org.springframework.test.context.BootstrapUtils - Instantiating CacheAwareContextLoaderDelegate from class [org.springframework.test.context.cache.DefaultCacheAwareContextLoaderDelegate]
19:31:26.129 [Test worker] DEBUG org.springframework.test.context.BootstrapUtils - Instantiating BootstrapContext using constructor [public org.springframework.test.context.support.DefaultBootstrapContext(java.lang.Class,org.springframework.test.context.CacheAwareContextLoaderDelegate)]
19:31:26.178 [Test worker] DEBUG org.springframework.test.context.BootstrapUtils - Instantiating TestContextBootstrapper for test class [com.gl.helloworld.HelloworldApplicationTests] from class [org.springframework.boot.test.context.SpringBootTestContextBootstrapper]
19:31:26.215 [Test worker] INFO org.springframework.boot.test.context.SpringBootTestContextBootstrapper - Neither @ContextConfiguration nor @ContextHierarchy found for test class [com.gl.helloworld.HelloworldApplicationTests], using SpringBootContextLoader
19:31:26.221 [Test worker] DEBUG org.springframework.test.context.support.AbstractContextLoader - Did not detect default resource location for test class [com.gl.helloworld.HelloworldApplicationTests]: class path resource [com/gl/helloworld/HelloworldApplicationTests-context.xml] does not exist
19:31:26.222 [Test worker] DEBUG org.springframework.test.context.support.AbstractContextLoader - Did not detect default resource location for test class [com.gl.helloworld.HelloworldApplicationTests]: class path resource [com/gl/helloworld/HelloworldApplicationTestsContext.groovy] does not exist
19:31:26.224 [Test worker] INFO org.springframework.test.context.support.AbstractContextLoader - Could not detect default resource locations for test class [com.gl.helloworld.HelloworldApplicationTests]: no resource found for suffixes {-context.xml, Context.groovy}.
19:31:26.226 [Test worker] INFO org.springframework.test.context.support.AnnotationConfigContextLoaderUtils - Could not detect default configuration classes for test class [com.gl.helloworld.HelloworldApplicationTests]: HelloworldApplicationTests does not declare any static, non-private, non-final, nested classes annotated with @Configuration.
19:31:26.284 [Test worker] DEBUG org.springframework.test.context.support.ActiveProfilesUtils - Could not find an 'annotation declaring class' for annotation type [org.springframework.test.context.ActiveProfiles] and class [com.gl.helloworld.HelloworldApplicationTests]
19:31:26.406 [Test worker] DEBUG org.springframework.context.annotation.ClassPathScanningCandidateComponentProvider - Identified candidate component class: file [F:\Spring-Boot-Inside_GreeLearner\helloworld\build\classes\java\main\com\gl\helloworld\HelloworldApplication.class]
19:31:26.409 [Test worker] INFO org.springframework.boot.test.context.SpringBootTestContextBootstrapper - Found @SpringBootConfiguration com.gl.helloworld.HelloworldApplication for test class com.gl.helloworld.HelloworldApplicationTests
19:31:26.641 [Test worker] DEBUG org.springframework.boot.test.context.SpringBootTestContextBootstrapper - @TestExecutionListeners is not present for class [com.gl.helloworld.HelloworldApplicationTests]: using defaults.
19:31:26.642 [Test worker] INFO org.springframework.boot.test.context.SpringBootTestContextBootstrapper - Loaded default TestExecutionListener class names from location [META-INF/spring.factories]: [org.springframework.boot.test.autoconfigure.restdocs.RestDocsTestExecutionListener, org.springframework.boot.test.autoconfigure.web.client.MockRestServiceServerResetTestExecutionListener, org.springframework.boot.test.autoconfigure.web.servlet.MockMvcPrintOnlyOnFailureTestExecutionListener, org.springframework.boot.test.autoconfigure.web.servlet.WebDriverTestExecutionListener, org.springframework.boot.test.mock.mockito.MockitoTestExecutionListener, org.springframework.boot.test.mock.mockito.ResetMocksTestExecutionListener, org.springframework.test.context.web.ServletTestExecutionListener, org.springframework.test.context.support.DirtiesContextBeforeModesTestExecutionListener, org.springframework.test.context.support.DependencyInjectionTestExecutionListener, org.springframework.test.context.support.DirtiesContextTestExecutionListener, org.springframework.test.context.transaction.TransactionalTestExecutionListener, org.springframework.test.context.jdbc.SqlScriptsTestExecutionListener, org.springframework.test.context.event.EventPublishingTestExecutionListener]
19:31:26.661 [Test worker] DEBUG org.springframework.boot.test.context.SpringBootTestContextBootstrapper - Skipping candidate TestExecutionListener [org.springframework.test.context.transaction.TransactionalTestExecutionListener] due to a missing dependency. Specify custom listener classes or make the default listener classes and their required dependencies available. Offending class: [org/springframework/transaction/interceptor/TransactionAttributeSource]
19:31:26.662 [Test worker] DEBUG org.springframework.boot.test.context.SpringBootTestContextBootstrapper - Skipping candidate TestExecutionListener [org.springframework.test.context.jdbc.SqlScriptsTestExecutionListener] due to a missing dependency. Specify custom listener classes or make the default listener classes and their required dependencies available. Offending class: [org/springframework/transaction/interceptor/TransactionAttribute]
19:31:26.663 [Test worker] INFO org.springframework.boot.test.context.SpringBootTestContextBootstrapper - Using TestExecutionListeners: [org.springframework.test.context.web.ServletTestExecutionListener@147d891, org.springframework.test.context.support.DirtiesContextBeforeModesTestExecutionListener@1c37a53, org.springframework.boot.test.mock.mockito.MockitoTestExecutionListener@15fd0c, org.springframework.boot.test.autoconfigure.SpringBootDependencyInjectionTestExecutionListener@9df03d, org.springframework.test.context.support.DirtiesContextTestExecutionListener@10139af, org.springframework.test.context.event.EventPublishingTestExecutionListener@1c0d3be, org.springframework.boot.test.autoconfigure.restdocs.RestDocsTestExecutionListener@2ab097, org.springframework.boot.test.autoconfigure.web.client.MockRestServiceServerResetTestExecutionListener@10bb5f7, org.springframework.boot.test.autoconfigure.web.servlet.MockMvcPrintOnlyOnFailureTestExecutionListener@1033ef8, org.springframework.boot.test.autoconfigure.web.servlet.WebDriverTestExecutionListener@455e05, org.springframework.boot.test.mock.mockito.ResetMocksTestExecutionListener@1b4e592]
19:31:26.676 [Test worker] DEBUG org.springframework.test.context.support.AbstractDirtiesContextTestExecutionListener - Before test class: context [DefaultTestContext@106f6ec testClass = HelloworldApplicationTests, testInstance = [null], testMethod = [null], testException = [null], mergedContextConfiguration = [WebMergedContextConfiguration@10c3cb5 testClass = HelloworldApplicationTests, locations = '{}', classes = '{class com.gl.helloworld.HelloworldApplication}', contextInitializerClasses = '[]', activeProfiles = '{}', propertySourceLocations = '{}', propertySourceProperties = '{org.springframework.boot.test.context.SpringBootTestContextBootstrapper=true}', contextCustomizers = set[org.springframework.boot.test.autoconfigure.properties.PropertyMappingContextCustomizer@0, org.springframework.boot.test.autoconfigure.web.servlet.WebDriverContextCustomizerFactory$Customizer@605313, org.springframework.boot.test.context.filter.ExcludeFilterContextCustomizer@17b1980, org.springframework.boot.test.json.DuplicateJsonObjectContextCustomizerFactory$DuplicateJsonObjectContextCustomizer@a2e8fe, org.springframework.boot.test.mock.mockito.MockitoContextCustomizer@0, org.springframework.boot.test.web.client.TestRestTemplateContextCustomizer@1db1df0], resourceBasePath = 'src/main/webapp', contextLoader = 'org.springframework.boot.test.context.SpringBootContextLoader', parent = [null]], attributes = map['org.springframework.test.context.web.ServletTestExecutionListener.activateListener' -> true]], class annotated with @DirtiesContext [false] with mode [null].
19:31:26.746 [Test worker] DEBUG org.springframework.test.context.support.TestPropertySourceUtils - Adding inlined properties to environment: {spring.jmx.enabled=false, org.springframework.boot.test.context.SpringBootTestContextBootstrapper=true, server.port=-1}

  .   ____          _            __ _ _
 /\\ / ___'_ __ _ _(_)_ __  __ _ \ \ \ \
( ( )\___ | '_ | '_| | '_ \/ _` | \ \ \ \
 \\/  ___)| |_)| | | | | || (_| |  ) ) ) )
  '  |____| .__|_| |_|_| |_\__, | / / / /
 =========|_|==============|___/=/_/_/_/
 :: Spring Boot ::        (v2.2.5.RELEASE)

2023-07-21 19:31:27.492  INFO 19140 --- [    Test worker] c.g.h.HelloworldApplicationTests         : Starting HelloworldApplicationTests on DESKTOP-TDF8R4M with PID 19140 (started by DELL in F:\Spring-Boot-Inside_GreeLearner\helloworld)
2023-07-21 19:31:27.494  INFO 19140 --- [    Test worker] c.g.h.HelloworldApplicationTests         : The following profiles are active: test
2023-07-21 19:31:30.227  INFO 19140 --- [    Test worker] o.s.s.concurrent.ThreadPoolTaskExecutor  : Initializing ExecutorService 'applicationTaskExecutor'
2023-07-21 19:31:30.793  INFO 19140 --- [    Test worker] c.g.h.HelloworldApplicationTests         : Started HelloworldApplicationTests in 4.024 seconds (JVM running for 7.767)
]]></system-out>
  <system-err><![CDATA[]]></system-err>
</testsuite>
