<?xml version="1.0" encoding="UTF-8"?>
<testsuite name="com.gl.failureanalyzerdemo.FailureAnalyzerDemoApplicationTests" tests="1" skipped="0" failures="0" errors="0" timestamp="2023-07-21T14:02:29" hostname="DESKTOP-TDF8R4M" time="0.38">
  <properties/>
  <testcase name="contextLoads()" classname="com.gl.failureanalyzerdemo.FailureAnalyzerDemoApplicationTests" time="0.38"/>
  <system-out><![CDATA[19:32:24.904 [Test worker] DEBUG org.springframework.test.context.BootstrapUtils - Instantiating CacheAwareContextLoaderDelegate from class [org.springframework.test.context.cache.DefaultCacheAwareContextLoaderDelegate]
19:32:24.934 [Test worker] DEBUG org.springframework.test.context.BootstrapUtils - Instantiating BootstrapContext using constructor [public org.springframework.test.context.support.DefaultBootstrapContext(java.lang.Class,org.springframework.test.context.CacheAwareContextLoaderDelegate)]
19:32:24.993 [Test worker] DEBUG org.springframework.test.context.BootstrapUtils - Instantiating TestContextBootstrapper for test class [com.gl.failureanalyzerdemo.FailureAnalyzerDemoApplicationTests] from class [org.springframework.boot.test.context.SpringBootTestContextBootstrapper]
19:32:25.025 [Test worker] INFO org.springframework.boot.test.context.SpringBootTestContextBootstrapper - Neither @ContextConfiguration nor @ContextHierarchy found for test class [com.gl.failureanalyzerdemo.FailureAnalyzerDemoApplicationTests], using SpringBootContextLoader
19:32:25.031 [Test worker] DEBUG org.springframework.test.context.support.AbstractContextLoader - Did not detect default resource location for test class [com.gl.failureanalyzerdemo.FailureAnalyzerDemoApplicationTests]: class path resource [com/gl/failureanalyzerdemo/FailureAnalyzerDemoApplicationTests-context.xml] does not exist
19:32:25.032 [Test worker] DEBUG org.springframework.test.context.support.AbstractContextLoader - Did not detect default resource location for test class [com.gl.failureanalyzerdemo.FailureAnalyzerDemoApplicationTests]: class path resource [com/gl/failureanalyzerdemo/FailureAnalyzerDemoApplicationTestsContext.groovy] does not exist
19:32:25.032 [Test worker] INFO org.springframework.test.context.support.AbstractContextLoader - Could not detect default resource locations for test class [com.gl.failureanalyzerdemo.FailureAnalyzerDemoApplicationTests]: no resource found for suffixes {-context.xml, Context.groovy}.
19:32:25.034 [Test worker] INFO org.springframework.test.context.support.AnnotationConfigContextLoaderUtils - Could not detect default configuration classes for test class [com.gl.failureanalyzerdemo.FailureAnalyzerDemoApplicationTests]: FailureAnalyzerDemoApplicationTests does not declare any static, non-private, non-final, nested classes annotated with @Configuration.
19:32:25.113 [Test worker] DEBUG org.springframework.test.context.support.ActiveProfilesUtils - Could not find an 'annotation declaring class' for annotation type [org.springframework.test.context.ActiveProfiles] and class [com.gl.failureanalyzerdemo.FailureAnalyzerDemoApplicationTests]
19:32:25.260 [Test worker] DEBUG org.springframework.context.annotation.ClassPathScanningCandidateComponentProvider - Identified candidate component class: file [F:\Spring-Boot-Inside_GreeLearner\failureanalyzerdemo\build\classes\java\main\com\gl\failureanalyzerdemo\FailureAnalyzerDemoApplication.class]
19:32:25.264 [Test worker] INFO org.springframework.boot.test.context.SpringBootTestContextBootstrapper - Found @SpringBootConfiguration com.gl.failureanalyzerdemo.FailureAnalyzerDemoApplication for test class com.gl.failureanalyzerdemo.FailureAnalyzerDemoApplicationTests
19:32:25.468 [Test worker] DEBUG org.springframework.boot.test.context.SpringBootTestContextBootstrapper - @TestExecutionListeners is not present for class [com.gl.failureanalyzerdemo.FailureAnalyzerDemoApplicationTests]: using defaults.
19:32:25.473 [Test worker] INFO org.springframework.boot.test.context.SpringBootTestContextBootstrapper - Loaded default TestExecutionListener class names from location [META-INF/spring.factories]: [org.springframework.boot.test.autoconfigure.restdocs.RestDocsTestExecutionListener, org.springframework.boot.test.autoconfigure.web.client.MockRestServiceServerResetTestExecutionListener, org.springframework.boot.test.autoconfigure.web.servlet.MockMvcPrintOnlyOnFailureTestExecutionListener, org.springframework.boot.test.autoconfigure.web.servlet.WebDriverTestExecutionListener, org.springframework.boot.test.mock.mockito.MockitoTestExecutionListener, org.springframework.boot.test.mock.mockito.ResetMocksTestExecutionListener, org.springframework.test.context.web.ServletTestExecutionListener, org.springframework.test.context.support.DirtiesContextBeforeModesTestExecutionListener, org.springframework.test.context.support.DependencyInjectionTestExecutionListener, org.springframework.test.context.support.DirtiesContextTestExecutionListener, org.springframework.test.context.transaction.TransactionalTestExecutionListener, org.springframework.test.context.jdbc.SqlScriptsTestExecutionListener, org.springframework.test.context.event.EventPublishingTestExecutionListener]
19:32:25.507 [Test worker] DEBUG org.springframework.boot.test.context.SpringBootTestContextBootstrapper - Skipping candidate TestExecutionListener [org.springframework.test.context.transaction.TransactionalTestExecutionListener] due to a missing dependency. Specify custom listener classes or make the default listener classes and their required dependencies available. Offending class: [org/springframework/transaction/interceptor/TransactionAttributeSource]
19:32:25.509 [Test worker] DEBUG org.springframework.boot.test.context.SpringBootTestContextBootstrapper - Skipping candidate TestExecutionListener [org.springframework.test.context.jdbc.SqlScriptsTestExecutionListener] due to a missing dependency. Specify custom listener classes or make the default listener classes and their required dependencies available. Offending class: [org/springframework/transaction/interceptor/TransactionAttribute]
19:32:25.509 [Test worker] INFO org.springframework.boot.test.context.SpringBootTestContextBootstrapper - Using TestExecutionListeners: [org.springframework.test.context.web.ServletTestExecutionListener@193a88f, org.springframework.test.context.support.DirtiesContextBeforeModesTestExecutionListener@637342, org.springframework.boot.test.mock.mockito.MockitoTestExecutionListener@1c1a21c, org.springframework.boot.test.autoconfigure.SpringBootDependencyInjectionTestExecutionListener@1e419e7, org.springframework.test.context.support.DirtiesContextTestExecutionListener@1971d84, org.springframework.test.context.event.EventPublishingTestExecutionListener@339017, org.springframework.boot.test.autoconfigure.restdocs.RestDocsTestExecutionListener@301f4f, org.springframework.boot.test.autoconfigure.web.client.MockRestServiceServerResetTestExecutionListener@12213cf, org.springframework.boot.test.autoconfigure.web.servlet.MockMvcPrintOnlyOnFailureTestExecutionListener@5c5412, org.springframework.boot.test.autoconfigure.web.servlet.WebDriverTestExecutionListener@93cee6, org.springframework.boot.test.mock.mockito.ResetMocksTestExecutionListener@eb6d9c]
19:32:25.518 [Test worker] DEBUG org.springframework.test.context.support.AbstractDirtiesContextTestExecutionListener - Before test class: context [DefaultTestContext@192bb92 testClass = FailureAnalyzerDemoApplicationTests, testInstance = [null], testMethod = [null], testException = [null], mergedContextConfiguration = [WebMergedContextConfiguration@1bfd1af testClass = FailureAnalyzerDemoApplicationTests, locations = '{}', classes = '{class com.gl.failureanalyzerdemo.FailureAnalyzerDemoApplication}', contextInitializerClasses = '[]', activeProfiles = '{}', propertySourceLocations = '{}', propertySourceProperties = '{org.springframework.boot.test.context.SpringBootTestContextBootstrapper=true}', contextCustomizers = set[org.springframework.boot.test.autoconfigure.properties.PropertyMappingContextCustomizer@0, org.springframework.boot.test.autoconfigure.web.servlet.WebDriverContextCustomizerFactory$Customizer@34f32e, org.springframework.boot.test.context.filter.ExcludeFilterContextCustomizer@a5fecc, org.springframework.boot.test.json.DuplicateJsonObjectContextCustomizerFactory$DuplicateJsonObjectContextCustomizer@8183aa, org.springframework.boot.test.mock.mockito.MockitoContextCustomizer@0, org.springframework.boot.test.web.client.TestRestTemplateContextCustomizer@894abe], resourceBasePath = 'src/main/webapp', contextLoader = 'org.springframework.boot.test.context.SpringBootContextLoader', parent = [null]], attributes = map['org.springframework.test.context.web.ServletTestExecutionListener.activateListener' -> true]], class annotated with @DirtiesContext [false] with mode [null].
19:32:25.603 [Test worker] DEBUG org.springframework.test.context.support.TestPropertySourceUtils - Adding inlined properties to environment: {spring.jmx.enabled=false, org.springframework.boot.test.context.SpringBootTestContextBootstrapper=true, server.port=-1}

  .   ____          _            __ _ _
 /\\ / ___'_ __ _ _(_)_ __  __ _ \ \ \ \
( ( )\___ | '_ | '_| | '_ \/ _` | \ \ \ \
 \\/  ___)| |_)| | | | | || (_| |  ) ) ) )
  '  |____| .__|_| |_|_| |_\__, | / / / /
 =========|_|==============|___/=/_/_/_/
 :: Spring Boot ::        (v2.2.5.RELEASE)

2023-07-21 19:32:26.118  INFO 18728 --- [    Test worker] .g.f.FailureAnalyzerDemoApplicationTests : Starting FailureAnalyzerDemoApplicationTests on DESKTOP-TDF8R4M with PID 18728 (started by DELL in F:\Spring-Boot-Inside_GreeLearner\failureanalyzerdemo)
2023-07-21 19:32:26.121  INFO 18728 --- [    Test worker] .g.f.FailureAnalyzerDemoApplicationTests : No active profile set, falling back to default profiles: default
2023-07-21 19:32:28.717  INFO 18728 --- [    Test worker] o.s.s.concurrent.ThreadPoolTaskExecutor  : Initializing ExecutorService 'applicationTaskExecutor'
2023-07-21 19:32:29.250  INFO 18728 --- [    Test worker] .g.f.FailureAnalyzerDemoApplicationTests : Started FailureAnalyzerDemoApplicationTests in 3.625 seconds (JVM running for 7.201)
]]></system-out>
  <system-err><![CDATA[]]></system-err>
</testsuite>
